#
# There is insufficient memory for the Java Runtime Environment to continue.
# Native memory allocation (malloc) failed to allocate 1048576 bytes for AllocateHeap
# Possible reasons:
#   The system is out of physical RAM or swap space
#   The process is running with CompressedOops enabled, and the Java Heap may be blocking the growth of the native heap
# Possible solutions:
#   Reduce memory load on the system
#   Increase physical memory or swap space
#   Check if swap backing store is full
#   Decrease Java heap size (-Xmx/-Xms)
#   Decrease number of Java threads
#

  [jvm.dll+0x5de31a]
V  [jvm.dll+0x710ae5]
V  [jvm.dll+0x712005]
V  [jvm.dll+0x712615]
V  [jvm.dll+0x7125cb]
V  [jvm.dll+0x5dd798]
V  [jvm.dll+0x5ddf08]
C  [ntdll.dll+0xa11cf]
C  [ntdll.dll+0x6a209]
C  [ntdll.dll+0x9fe3e]
C  0x000002aa80000dad

VM_Operation (0x000000b0c26fdab0): CollectForMetadataAllocation, mode: safepoint, requested by thread 0x000002aafd145800


---------------  P R O C E S S  ---------------

Threads class SMR info:
_java_thread_list=0x000002aafe22ce90, length=11, elements={
0x000002aaf0818000, 0x000002aafc188800, 0x000002aafc1ac800, 0x000002aafca25800,
0x000002aafca26800, 0x000002aafca29800, 0x000002aafca2c800, 0x000002aafc13f800,
0x000002aafcf53000, 0x000002aafcf53800, 0x000002aafd145800
}

Java Threads: ( => current thread )
  0x000002aaf0818000 JavaThread "main" [_thread_blocked, id=3236, stack(0x000000b0c1400000,0x000000b0c1500000)]
  0x000002aafc188800 JavaThread "Reference Handler" daemon [_thread_blocked, id=15592, stack(0x000000b0c1b00000,0x000000b0c1c00000)]
  0x000002aafc1ac800 JavaThread "Finalizer" daemon [_thread_blocked, id=15504, stack(0x000000b0c1c00000,0x000000b0c1d00000)]
  0x000002aafca25800 JavaThread "Signal Dispatcher" daemon [_thread_blocked, id=13408, stack(0x000000b0c1d00000,0x000000b0c1e00000)]
  0x000002aafca26800 JavaThread "Attach Listener" daemon [_thread_blocked, id=984, stack(0x000000b0c1e00000,0x000000b0c1f00000)]
  0x000002aafca29800 JavaThread "C1 CompilerThread0" daemon [_thread_blocked, id=12996, stack(0x000000b0c1f00000,0x000000b0c2000000)]
  0x000002aafca2c800 JavaThread "Sweeper thread" daemon [_thread_blocked, id=5856, stack(0x000000b0c2000000,0x000000b0c2100000)]
  0x000002aafc13f800 JavaThread "Common-Cleaner" daemon [_thread_blocked, id=19484, stack(0x000000b0c2100000,0x000000b0c2200000)]
  0x000002aafcf53000 JavaThread "Monitor Ctrl-Break" daemon [_thread_in_native, id=17660, stack(0x000000b0c2200000,0x000000b0c2300000)]
  0x000002aafcf53800 JavaThread "Service Thread" daemon [_thread_blocked, id=20492, stack(0x000000b0c2300000,0x000000b0c2400000)]
  0x000002aafd145800 JavaThread "background-preinit" [_thread_blocked, id=7188, stack(0x000000b0c2600000,0x000000b0c2700000)]

Other Threads:
=>0x000002aafc185000 VMThread "VM Thread" [stack: 0x000000b0c1a00000,0x000000b0c1b00000] [id=15052]
  0x000002aafd151800 WatcherThread [stack: 0x000000b0c2500000,0x000000b0c2600000] [id=17480]
  0x000002aaf0832800 GCTaskThread "GC Thread#0" [stack: 0x000000b0c1500000,0x000000b0c1600000] [id=6408]
  0x000002aafd5be800 GCTaskThread "GC Thread#1" [stack: 0x000000b0c2700000,0x000000b0c2800000] [id=7800]
  0x000002aafd564800 GCTaskThread "GC Thread#2" [stack: 0x000000b0c2800000,0x000000b0c2900000] [id=17148]
  0x000002aafdfc6800 GCTaskThread "GC Thread#3" [stack: 0x000000b0c2900000,0x000000b0c2a00000] [id=5100]
  0x000002aaf0862000 ConcurrentGCThread "G1 Main Marker" [stack: 0x000000b0c1600000,0x000000b0c1700000] [id=16556]
  0x000002aaf0864800 ConcurrentGCThread "G1 Conc#0" [stack: 0x000000b0c1700000,0x000000b0c1800000] [id=2616]
  0x000002aafdfe2000 ConcurrentGCThread "G1 Conc#1" [stack: 0x000000b0c2a00000,0x000000b0c2b00000] [id=1416]
  0x000002aafbfec800 ConcurrentGCThread "G1 Refine#0" [stack: 0x000000b0c1800000,0x000000b0c1900000] [id=988]
  0x000002aafbfed800 ConcurrentGCThread "G1 Young RemSet Sampling" [stack: 0x000000b0c1900000,0x000000b0c1a00000] [id=9680]

Threads with active compile tasks:

VM state:at safepoint (normal execution)

VM Mutex/Monitor currently owned by a thread:  ([mutex/lock_event])
[0x000002aaf08173f0] Threads_lock - owner thread: 0x000002aafc185000
[0x000002aaf0816310] Heap_lock - owner thread: 0x000002aafd145800

OutOfMemory and StackOverflow Exception counts:
OutOfMemoryError java_heap_errors=5
LinkageErrors=36

Heap address: 0x0000000081e00000, size: 2018 MB, Compressed Oops mode: 32-bit
Narrow klass base: 0x0000000000000000, Narrow klass shift: 3
Compressed class space size: 1073741824 Address: 0x0000000100000000

Heap:
 garbage-first heap   total 131072K, used 10024K [0x0000000081e00000, 0x0000000100000000)
  region size 1024K, 2 young (2048K), 2 survivors (2048K)
 Metaspace       used 21306K, capacity 21884K, committed 22016K, reserved 1079296K
  class space    used 2569K, capacity 2816K, committed 2816K, reserved 1048576K
Heap Regions: E=young(eden), S=young(survivor), O=old, HS=humongous(starts), HC=humongous(continues), CS=collection set, F=free, A=archive, TAMS=top-at-mark-start (previous, next)
|   0|0x0000000081e00000, 0x0000000081f00000, 0x0000000081f00000|100%|HS|  |TAMS 0x0000000081f00000, 0x0000000081f00000| Complete
|   1|0x0000000081f00000, 0x0000000082000000, 0x0000000082000000|100%| O|  |TAMS 0x0000000082000000, 0x0000000082000000| Untracked
|   2|0x0000000082000000, 0x0000000082100000, 0x0000000082100000|100%| O|  |TAMS 0x0000000082100000, 0x0000000082100000| Untracked
|   3|0x0000000082100000, 0x0000000082200000, 0x0000000082200000|100%| O|  |TAMS 0x0000000082200000, 0x0000000082200000| Untracked
|   4|0x0000000082200000, 0x0000000082300000, 0x0000000082300000|100%| O|  |TAMS 0x0000000082300000, 0x0000000082300000| Untracked
|   5|0x0000000082300000, 0x0000000082400000, 0x0000000082400000|100%| O|  |TAMS 0x0000000082400000, 0x0000000082400000| Untracked
|   6|0x0000000082400000, 0x0000000082500000, 0x0000000082500000|100%| O|  |TAMS 0x0000000082500000, 0x0000000082500000| Untracked
|   7|0x0000000082500000, 0x00000000825f3200, 0x0000000082600000| 94%| O|  |TAMS 0x00000000825f3200, 0x00000000825f3200| Untracked
|   8|0x0000000082600000, 0x0000000082600000, 0x0000000082700000|  0%| F|  |TAMS 0x0000000082600000, 0x0000000082600000| Untracked
|   9|0x0000000082700000, 0x0000000082700000, 0x0000000082800000|  0%| F|  |TAMS 0x0000000082700000, 0x0000000082700000| Untracked
|  10|0x0000000082800000, 0x0000000082800000, 0x0000000082900000|  0%| F|  |TAMS 0x0000000082800000, 0x0000000082800000| Untracked
|  11|0x0000000082900000, 0x0000000082900000, 0x0000000082a00000|  0%| F|  |TAMS 0x0000000082900000, 0x0000000082900000| Untracked
|  12|0x0000000082a00000, 0x0000000082a00000, 0x0000000082b00000|  0%| F|  |TAMS 0x0000000082a00000, 0x0000000082a00000| Untracked
|  13|0x0000000082b00000, 0x0000000082b00000, 0x0000000082c00000|  0%| F|  |TAMS 0x0000000082b00000, 0x0000000082b00000| Untracked
|  14|0x0000000082c00000, 0x0000000082c00000, 0x0000000082d00000|  0%| F|  |TAMS 0x0000000082c00000, 0x0000000082c00000| Untracked
|  15|0x0000000082d00000, 0x0000000082d00000, 0x0000000082e00000|  0%| F|  |TAMS 0x0000000082d00000, 0x0000000082d00000| Untracked
|  16|0x0000000082e00000, 0x0000000082e00000, 0x0000000082f00000|  0%| F|  |TAMS 0x0000000082e00000, 0x0000000082e00000| Untracked
|  17|0x0000000082f00000, 0x0000000082f00000, 0x0000000083000000|  0%| F|  |TAMS 0x0000000082f00000, 0x0000000082f00000| Untracked
|  18|0x0000000083000000, 0x0000000083000000, 0x0000000083100000|  0%| F|  |TAMS 0x0000000083000000, 0x0000000083000000| Untracked
|  19|0x0000000083100000, 0x0000000083100000, 0x0000000083200000|  0%| F|  |TAMS 0x0000000083100000, 0x0000000083100000| Untracked
|  20|0x0000000083200000, 0x0000000083200000, 0x0000000083300000|  0%| F|  |TAMS 0x0000000083200000, 0x0000000083200000| Untracked
|  21|0x0000000083300000, 0x0000000083300000, 0x0000000083400000|  0%| F|  |TAMS 0x0000000083300000, 0x0000000083300000| Untracked
|  22|0x0000000083400000, 0x0000000083400000, 0x0000000083500000|  0%| F|  |TAMS 0x0000000083400000, 0x0000000083400000| Untracked
|  23|0x0000000083500000, 0x0000000083500000, 0x0000000083600000|  0%| F|  |TAMS 0x0000000083500000, 0x0000000083500000| Untracked
|  24|0x0000000083600000, 0x0000000083600000, 0x0000000083700000|  0%| F|  |TAMS 0x0000000083600000, 0x0000000083600000| Untracked
|  25|0x0000000083700000, 0x0000000083700000, 0x0000000083800000|  0%| F|  |TAMS 0x0000000083700000, 0x0000000083700000| Untracked
|  26|0x0000000083800000, 0x0000000083800000, 0x0000000083900000|  0%| F|  |TAMS 0x0000000083800000, 0x0000000083800000| Untracked
|  27|0x0000000083900000, 0x0000000083900000, 0x0000000083a00000|  0%| F|  |TAMS 0x0000000083900000, 0x0000000083900000| Untracked
|  28|0x0000000083a00000, 0x0000000083a00000, 0x0000000083b00000|  0%| F|  |TAMS 0x0000000083a00000, 0x0000000083a00000| Untracked
|  29|0x0000000083b00000, 0x0000000083b00000, 0x0000000083c00000|  0%| F|  |TAMS 0x0000000083b00000, 0x0000000083b00000| Untracked
|  30|0x0000000083c00000, 0x0000000083c00000, 0x0000000083d00000|  0%| F|  |TAMS 0x0000000083c00000, 0x0000000083c00000| Untracked
|  31|0x0000000083d00000, 0x0000000083d00000, 0x0000000083e00000|  0%| F|  |TAMS 0x0000000083d00000, 0x0000000083d00000| Untracked
|  32|0x0000000083e00000, 0x0000000083e00000, 0x0000000083f00000|  0%| F|  |TAMS 0x0000000083e00000, 0x0000000083e00000| Untracked
|  33|0x0000000083f00000, 0x0000000083f00000, 0x0000000084000000|  0%| F|  |TAMS 0x0000000083f00000, 0x0000000083f00000| Untracked
|  34|0x0000000084000000, 0x0000000084000000, 0x0000000084100000|  0%| F|  |TAMS 0x0000000084000000, 0x0000000084000000| Untracked
|  35|0x0000000084100000, 0x0000000084100000, 0x0000000084200000|  0%| F|  |TAMS 0x0000000084100000, 0x0000000084100000| Untracked
|  36|0x0000000084200000, 0x0000000084200000, 0x0000000084300000|  0%| F|  |TAMS 0x0000000084200000, 0x0000000084200000| Untracked
|  37|0x0000000084300000, 0x0000000084300000, 0x0000000084400000|  0%| F|  |TAMS 0x0000000084300000, 0x0000000084300000| Untracked
|  38|0x0000000084400000, 0x0000000084400000, 0x0000000084500000|  0%| F|  |TAMS 0x0000000084400000, 0x0000000084400000| Untracked
|  39|0x0000000084500000, 0x0000000084500000, 0x0000000084600000|  0%| F|  |TAMS 0x0000000084500000, 0x0000000084500000| Untracked
|  40|0x0000000084600000, 0x0000000084600000, 0x0000000084700000|  0%| F|  |TAMS 0x0000000084600000, 0x0000000084600000| Untracked
|  41|0x0000000084700000, 0x0000000084700000, 0x0000000084800000|  0%| F|  |TAMS 0x0000000084700000, 0x0000000084700000| Untracked
|  42|0x0000000084800000, 0x0000000084800000, 0x0000000084900000|  0%| F|  |TAMS 0x0000000084800000, 0x0000000084800000| Untracked
|  43|0x0000000084900000, 0x0000000084900000, 0x0000000084a00000|  0%| F|  |TAMS 0x0000000084900000, 0x0000000084900000| Untracked
|  44|0x0000000084a00000, 0x0000000084a00000, 0x0000000084b00000|  0%| F|  |TAMS 0x0000000084a00000, 0x0000000084a00000| Untracked
|  45|0x0000000084b00000, 0x0000000084b00000, 0x0000000084c00000|  0%| F|  |TAMS 0x0000000084b00000, 0x0000000084b00000| Untracked
|  46|0x0000000084c00000, 0x0000000084c00000, 0x0000000084d00000|  0%| F|  |TAMS 0x0000000084c00000, 0x0000000084c00000| Untracked
|  47|0x0000000084d00000, 0x0000000084d00000, 0x0000000084e00000|  0%| F|  |TAMS 0x0000000084d00000, 0x0000000084d00000| Untracked
|  48|0x0000000084e00000, 0x0000000084e00000, 0x0000000084f00000|  0%| F|  |TAMS 0x0000000084e00000, 0x0000000084e00000| Untracked
|  49|0x0000000084f00000, 0x0000000084f00000, 0x0000000085000000|  0%| F|  |TAMS 0x0000000084f00000, 0x0000000084f00000| Untracked
|  50|0x0000000085000000, 0x0000000085000000, 0x0000000085100000|  0%| F|  |TAMS 0x0000000085000000, 0x0000000085000000| Untracked
|  51|0x0000000085100000, 0x0000000085100000, 0x0000000085200000|  0%| F|  |TAMS 0x0000000085100000, 0x0000000085100000| Untracked
|  52|0x0000000085200000, 0x0000000085200000, 0x0000000085300000|  0%| F|  |TAMS 0x0000000085200000, 0x0000000085200000| Untracked
|  53|0x0000000085300000, 0x0000000085300000, 0x0000000085400000|  0%| F|  |TAMS 0x0000000085300000, 0x0000000085300000| Untracked
|  54|0x0000000085400000, 0x0000000085400000, 0x0000000085500000|  0%| F|  |TAMS 0x0000000085400000, 0x0000000085400000| Untracked
|  55|0x0000000085500000, 0x0000000085500000, 0x0000000085600000|  0%| F|  |TAMS 0x0000000085500000, 0x0000000085500000| Untracked
|  56|0x0000000085600000, 0x0000000085600000, 0x0000000085700000|  0%| F|  |TAMS 0x0000000085600000, 0x0000000085600000| Untracked
|  57|0x0000000085700000, 0x0000000085700000, 0x0000000085800000|  0%| F|  |TAMS 0x0000000085700000, 0x0000000085700000| Untracked
|  58|0x0000000085800000, 0x0000000085800000, 0x0000000085900000|  0%| F|  |TAMS 0x0000000085800000, 0x0000000085800000| Untracked
|  59|0x0000000085900000, 0x0000000085900000, 0x0000000085a00000|  0%| F|  |TAMS 0x0000000085900000, 0x0000000085900000| Untracked
|  60|0x0000000085a00000, 0x0000000085a00000, 0x0000000085b00000|  0%| F|  |TAMS 0x0000000085a00000, 0x0000000085a00000| Untracked
|  61|0x0000000085b00000, 0x0000000085b00000, 0x0000000085c00000|  0%| F|  |TAMS 0x0000000085b00000, 0x0000000085b00000| Untracked
|  62|0x0000000085c00000, 0x0000000085c00000, 0x0000000085d00000|  0%| F|  |TAMS 0x0000000085c00000, 0x0000000085c00000| Untracked
|  63|0x0000000085d00000, 0x0000000085d00000, 0x0000000085e00000|  0%| F|  |TAMS 0x0000000085d00000, 0x0000000085d00000| Untracked
|  64|0x0000000085e00000, 0x0000000085e00000, 0x0000000085f00000|  0%| F|  |TAMS 0x0000000085e00000, 0x0000000085e00000| Untracked
|  65|0x0000000085f00000, 0x0000000085f00000, 0x0000000086000000|  0%| F|  |TAMS 0x0000000085f00000, 0x0000000085f00000| Untracked
|  66|0x0000000086000000, 0x0000000086000000, 0x0000000086100000|  0%| F|  |TAMS 0x0000000086000000, 0x0000000086000000| Untracked
|  67|0x0000000086100000, 0x0000000086100000, 0x0000000086200000|  0%| F|  |TAMS 0x0000000086100000, 0x0000000086100000| Untracked
|  68|0x0000000086200000, 0x0000000086200000, 0x0000000086300000|  0%| F|  |TAMS 0x0000000086200000, 0x0000000086200000| Untracked
|  69|0x0000000086300000, 0x0000000086300000, 0x0000000086400000|  0%| F|  |TAMS 0x0000000086300000, 0x0000000086300000| Untracked
|  70|0x0000000086400000, 0x0000000086400000, 0x0000000086500000|  0%| F|  |TAMS 0x0000000086400000, 0x0000000086400000| Untracked
|  71|0x0000000086500000, 0x0000000086500000, 0x0000000086600000|  0%| F|  |TAMS 0x0000000086500000, 0x0000000086500000| Untracked
|  72|0x0000000086600000, 0x0000000086600000, 0x0000000086700000|  0%| F|  |TAMS 0x0000000086600000, 0x0000000086600000| Untracked
|  73|0x0000000086700000, 0x0000000086700000, 0x0000000086800000|  0%| F|  |TAMS 0x0000000086700000, 0x0000000086700000| Untracked
|  74|0x0000000086800000, 0x0000000086800000, 0x0000000086900000|  0%| F|  |TAMS 0x0000000086800000, 0x0000000086800000| Untracked
|  75|0x0000000086900000, 0x0000000086900000, 0x0000000086a00000|  0%| F|  |TAMS 0x0000000086900000, 0x0000000086900000| Untracked
|  76|0x0000000086a00000, 0x0000000086a00000, 0x0000000086b00000|  0%| F|  |TAMS 0x0000000086a00000, 0x0000000086a00000| Untracked
|  77|0x0000000086b00000, 0x0000000086b00000, 0x0000000086c00000|  0%| F|  |TAMS 0x0000000086b00000, 0x0000000086b00000| Untracked
|  78|0x0000000086c00000, 0x0000000086c00000, 0x0000000086d00000|  0%| F|  |TAMS 0x0000000086c00000, 0x0000000086c00000| Untracked
|  79|0x0000000086d00000, 0x0000000086d00000, 0x0000000086e00000|  0%| F|  |TAMS 0x0000000086d00000, 0x0000000086d00000| Untracked
|  80|0x0000000086e00000, 0x0000000086e00000, 0x0000000086f00000|  0%| F|  |TAMS 0x0000000086e00000, 0x0000000086e00000| Untracked
|  81|0x0000000086f00000, 0x0000000086f00000, 0x0000000087000000|  0%| F|  |TAMS 0x0000000086f00000, 0x0000000086f00000| Untracked
|  82|0x0000000087000000, 0x0000000087000000, 0x0000000087100000|  0%| F|  |TAMS 0x0000000087000000, 0x0000000087000000| Untracked
|  83|0x0000000087100000, 0x0000000087100000, 0x0000000087200000|  0%| F|  |TAMS 0x0000000087100000, 0x0000000087100000| Untracked
|  84|0x0000000087200000, 0x0000000087200000, 0x0000000087300000|  0%| F|  |TAMS 0x0000000087200000, 0x0000000087200000| Untracked
|  85|0x0000000087300000, 0x0000000087300000, 0x0000000087400000|  0%| F|  |TAMS 0x0000000087300000, 0x0000000087300000| Untracked
|  86|0x0000000087400000, 0x0000000087400000, 0x0000000087500000|  0%| F|  |TAMS 0x0000000087400000, 0x0000000087400000| Untracked
|  87|0x0000000087500000, 0x0000000087500000, 0x0000000087600000|  0%| F|  |TAMS 0x0000000087500000, 0x0000000087500000| Untracked
|  88|0x0000000087600000, 0x0000000087600000, 0x0000000087700000|  0%| F|  |TAMS 0x0000000087600000, 0x0000000087600000| Untracked
|  89|0x0000000087700000, 0x0000000087700000, 0x0000000087800000|  0%| F|  |TAMS 0x0000000087700000, 0x0000000087700000| Untracked
|  90|0x0000000087800000, 0x0000000087800000, 0x0000000087900000|  0%| F|  |TAMS 0x0000000087800000, 0x0000000087800000| Untracked
|  91|0x0000000087900000, 0x0000000087900000, 0x0000000087a00000|  0%| F|  |TAMS 0x0000000087900000, 0x0000000087900000| Untracked
|  92|0x0000000087a00000, 0x0000000087a00000, 0x0000000087b00000|  0%| F|  |TAMS 0x0000000087a00000, 0x0000000087a00000| Untracked
|  93|0x0000000087b00000, 0x0000000087b00000, 0x0000000087c00000|  0%| F|  |TAMS 0x0000000087b00000, 0x0000000087b00000| Untracked
|  94|0x0000000087c00000, 0x0000000087c00000, 0x0000000087d00000|  0%| F|  |TAMS 0x0000000087c00000, 0x0000000087c00000| Untracked
|  95|0x0000000087d00000, 0x0000000087d00000, 0x0000000087e00000|  0%| F|  |TAMS 0x0000000087d00000, 0x0000000087d00000| Untracked
|  96|0x0000000087e00000, 0x0000000087e00000, 0x0000000087f00000|  0%| F|  |TAMS 0x0000000087e00000, 0x0000000087e00000| Untracked
|  97|0x0000000087f00000, 0x0000000087f00000, 0x0000000088000000|  0%| F|  |TAMS 0x0000000087f00000, 0x0000000087f00000| Untracked
|  98|0x0000000088000000, 0x0000000088000000, 0x0000000088100000|  0%| F|  |TAMS 0x0000000088000000, 0x0000000088000000| Untracked
|  99|0x0000000088100000, 0x0000000088100000, 0x0000000088200000|  0%| F|  |TAMS 0x0000000088100000, 0x0000000088100000| Untracked
| 100|0x0000000088200000, 0x0000000088200000, 0x0000000088300000|  0%| F|  |TAMS 0x0000000088200000, 0x0000000088200000| Untracked
| 101|0x0000000088300000, 0x0000000088300000, 0x0000000088400000|  0%| F|  |TAMS 0x0000000088300000, 0x0000000088300000| Untracked
| 102|0x0000000088400000, 0x0000000088400000, 0x0000000088500000|  0%| F|  |TAMS 0x0000000088400000, 0x0000000088400000| Untracked
| 103|0x0000000088500000, 0x0000000088500000, 0x0000000088600000|  0%| F|  |TAMS 0x0000000088500000, 0x0000000088500000| Untracked
| 104|0x0000000088600000, 0x0000000088600000, 0x0000000088700000|  0%| F|  |TAMS 0x0000000088600000, 0x0000000088600000| Untracked
| 105|0x0000000088700000, 0x0000000088700000, 0x0000000088800000|  0%| F|  |TAMS 0x0000000088700000, 0x0000000088700000| Untracked
| 106|0x0000000088800000, 0x0000000088800000, 0x0000000088900000|  0%| F|  |TAMS 0x0000000088800000, 0x0000000088800000| Untracked
| 107|0x0000000088900000, 0x0000000088900000, 0x0000000088a00000|  0%| F|  |TAMS 0x0000000088900000, 0x0000000088900000| Untracked
| 108|0x0000000088a00000, 0x0000000088ad6ec0, 0x0000000088b00000| 83%| S|CS|TAMS 0x0000000088a00000, 0x0000000088a00000| Complete
| 109|0x0000000088b00000, 0x0000000088c00000, 0x0000000088c00000|100%| S|CS|TAMS 0x0000000088b00000, 0x0000000088b00000| Complete
| 110|0x0000000088c00000, 0x0000000088c00000, 0x0000000088d00000|  0%| F|  |TAMS 0x0000000088c00000, 0x0000000088c00000| Untracked
| 111|0x0000000088d00000, 0x0000000088d00000, 0x0000000088e00000|  0%| F|  |TAMS 0x0000000088d00000, 0x0000000088d00000| Untracked
| 112|0x0000000088e00000, 0x0000000088e00000, 0x0000000088f00000|  0%| F|  |TAMS 0x0000000088e00000, 0x0000000088e00000| Untracked
| 113|0x0000000088f00000, 0x0000000088f00000, 0x0000000089000000|  0%| F|  |TAMS 0x0000000088f00000, 0x0000000088f00000| Untracked
| 114|0x0000000089000000, 0x0000000089000000, 0x0000000089100000|  0%| F|  |TAMS 0x0000000089000000, 0x0000000089000000| Untracked
| 115|0x0000000089100000, 0x0000000089100000, 0x0000000089200000|  0%| F|  |TAMS 0x0000000089100000, 0x0000000089100000| Untracked
| 116|0x0000000089200000, 0x0000000089200000, 0x0000000089300000|  0%| F|  |TAMS 0x0000000089200000, 0x0000000089200000| Untracked
| 117|0x0000000089300000, 0x0000000089300000, 0x0000000089400000|  0%| F|  |TAMS 0x0000000089300000, 0x0000000089300000| Untracked
| 118|0x0000000089400000, 0x0000000089400000, 0x0000000089500000|  0%| F|  |TAMS 0x0000000089400000, 0x0000000089400000| Untracked
| 119|0x0000000089500000, 0x0000000089500000, 0x0000000089600000|  0%| F|  |TAMS 0x0000000089500000, 0x0000000089500000| Untracked
| 120|0x0000000089600000, 0x0000000089600000, 0x0000000089700000|  0%| F|  |TAMS 0x0000000089600000, 0x0000000089600000| Untracked
| 121|0x0000000089700000, 0x0000000089700000, 0x0000000089800000|  0%| F|  |TAMS 0x0000000089700000, 0x0000000089700000| Untracked
| 122|0x0000000089800000, 0x0000000089800000, 0x0000000089900000|  0%| F|  |TAMS 0x0000000089800000, 0x0000000089800000| Untracked
| 123|0x0000000089900000, 0x0000000089900000, 0x0000000089a00000|  0%| F|  |TAMS 0x0000000089900000, 0x0000000089900000| Untracked
| 124|0x0000000089a00000, 0x0000000089a00000, 0x0000000089b00000|  0%| F|  |TAMS 0x0000000089a00000, 0x0000000089a00000| Untracked
| 125|0x0000000089b00000, 0x0000000089b00000, 0x0000000089c00000|  0%| F|  |TAMS 0x0000000089b00000, 0x0000000089b00000| Untracked
| 126|0x0000000089c00000, 0x0000000089c00000, 0x0000000089d00000|  0%| F|  |TAMS 0x0000000089c00000, 0x0000000089c00000| Untracked
| 127|0x0000000089d00000, 0x0000000089d00000, 0x0000000089e00000|  0%| F|  |TAMS 0x0000000089d00000, 0x0000000089d00000| Untracked

Card table byte_map: [0x000002aaf5010000,0x000002aaf5410000] _byte_map_base: 0x000002aaf4c01000

Marking Bits (Prev, Next): (CMBitMap*) 0x000002aaf08598d0, (CMBitMap*) 0x000002aaf0859898
 Prev Bits: [0x000002aaf77a0000, 0x000002aaf9728000)
 Next Bits: [0x000002aaf5810000, 0x000002aaf7798000)

Polling page: 0x000002aaee620000

Metaspace:

Usage:
  Non-class:     18.62 MB capacity,    18.30 MB ( 98%) used,   272.87 KB (  1%) free+waste,    58.13 KB ( <1%) overhead.
      Class:      2.75 MB capacity,     2.51 MB ( 91%) used,   217.48 KB (  8%) free+waste,    29.25 KB (  1%) overhead.
       Both:     21.37 MB capacity,    20.81 MB ( 97%) used,   490.34 KB (  2%) free+waste,    87.38 KB ( <1%) overhead.

Virtual space:
  Non-class space:       30.00 MB reserved,      18.75 MB ( 63%) committed
      Class space:        1.00 GB reserved,       2.75 MB ( <1%) committed
             Both:        1.03 GB reserved,      21.50 MB (  2%) committed

Chunk freelists:
   Non-Class:  4.00 KB
       Class:  0 bytes
        Both:  4.00 KB

MaxMetaspaceSize: 17179869184.00 GB
CompressedClassSpaceSize: 1.00 GB

CodeHeap 'non-profiled nmethods': size=238336Kb used=2622Kb max_used=2622Kb free=235713Kb
 bounds [0x000002aa80740000, 0x000002aa809d0000, 0x000002aa8f000000]
CodeHeap 'non-nmethods': size=7424Kb used=1131Kb max_used=1131Kb free=6292Kb
 bounds [0x000002aa80000000, 0x000002aa80270000, 0x000002aa80740000]
 total_blobs=2510 nmethods=1780 adapters=373
 compilation: disabled (not enough contiguous free space left)
              stopped_count=1, restarted_count=0
 full_count=1

Compilation events (20 events):
Event: 1.452 Thread 0x000002aafca29800 1783       1       java.util.concurrent.locks.ReentrantLock::<init> (16 bytes)
Event: 1.452 Thread 0x000002aafca29800 nmethod 1783 0x000002aa808bdb10 code [0x000002aa808bdcc0, 0x000002aa808bde78]
Event: 1.456 Thread 0x000002aafca29800 1784       1       org.springframework.core.ResolvableType::resolveType (151 bytes)
Event: 1.456 Thread 0x000002aafca29800 nmethod 1784 0x000002aa809cac90 code [0x000002aa809caee0, 0x000002aa809cb520]
Event: 1.458 Thread 0x000002aafca29800 1785       1       java.lang.invoke.MethodType::changeReturnType (20 bytes)
Event: 1.458 Thread 0x000002aafca29800 nmethod 1785 0x000002aa809cb790 code [0x000002aa809cb940, 0x000002aa809cbab0]
Event: 1.461 Thread 0x000002aafca29800 1786  s    1       java.lang.StringBuffer::length (5 bytes)
Event: 1.461 Thread 0x000002aafca29800 nmethod 1786 0x000002aa809cbb10 code [0x000002aa809cbcc0, 0x000002aa809cbf38]
Event: 1.462 Thread 0x000002aafca29800 1787   !   1       java.util.concurrent.ConcurrentHashMap::transfer (828 bytes)
Event: 1.465 Thread 0x000002aafca29800 nmethod 1787 0x000002aa809cc010 code [0x000002aa809cc300, 0x000002aa809cdce0]
Event: 1.465 Thread 0x000002aafca29800 1788       1       java.lang.reflect.Field::getModifiers (5 bytes)
Event: 1.465 Thread 0x000002aafca29800 nmethod 1788 0x000002aa809cee10 code [0x000002aa809cefc0, 0x000002aa809cf0d8]
Event: 1.470 Thread 0x000002aafca29800 1789       1       jdk.internal.org.objectweb.asm.AnnotationWriter::put (109 bytes)
Event: 1.470 Thread 0x000002aafca29800 nmethod 1789 0x000002aa809cf190 code [0x000002aa809cf380, 0x000002aa809cf660]
Event: 1.470 Thread 0x000002aafca29800 1790       1       java.util.BitSet::wordIndex (5 bytes)
Event: 1.470 Thread 0x000002aafca29800 nmethod 1790 0x000002aa809cf890 code [0x000002aa809cfa40, 0x000002aa809cfb38]
Event: 1.470 Thread 0x000002aafca29800 1791       1       java.util.BitSet::checkInvariants (111 bytes)
Event: 1.470 Thread 0x000002aafca29800 nmethod 1791 0x000002aa809cfb90 code [0x000002aa809cfd40, 0x000002aa809cfe58]
Event: 1.470 Thread 0x000002aafca29800 1792       1       java.util.BitSet::get (69 bytes)
Event: 1.471 Thread 0x000002aafca29800


GC Heap History (8 events):
Event: 1.174 GC heap before
{Heap before GC invocations=0 (full 0):
 garbage-first heap   total 131072K, used 24576K [0x0000000081e00000, 0x0000000100000000)
  region size 1024K, 24 young (24576K), 0 survivors (0K)
 Metaspace       used 14922K, capacity 15397K, committed 15616K, reserved 1062912K
  class space    used 1600K, capacity 1754K, committed 1792K, reserved 1048576K
}
Event: 1.180 GC heap after
{Heap after GC invocations=1 (full 0):
 garbage-first heap   total 131072K, used 8192K [0x0000000081e00000, 0x0000000100000000)
  region size 1024K, 3 young (3072K), 3 survivors (3072K)
 Metaspace       used 14922K, capacity 15397K, committed 15616K, reserved 1062912K
  class space    used 1600K, capacity 1754K, committed 1792K, reserved 1048576K
}
Event: 1.343 GC heap before
{Heap before GC invocations=1 (full 0):
 garbage-first heap   total 131072K, used 26624K [0x0000000081e00000, 0x0000000100000000)
  region size 1024K, 21 young (21504K), 3 survivors (3072K)
 Metaspace       used 18860K, capacity 19436K, committed 19584K, reserved 1067008K
  class space    used 2156K, capacity 2363K, committed 2432K, reserved 1048576K
}
Event: 1.348 GC heap after
{Heap after GC invocations=2 (full 0):
 garbage-first heap   total 131072K, used 9355K [0x0000000081e00000, 0x0000000100000000)
  region size 1024K, 2 young (2048K), 2 survivors (2048K)
 Metaspace       used 18860K, capacity 19436K, committed 19584K, reserved 1067008K
  class space    used 2156K, capacity 2363K, committed 2432K, reserved 1048576K
}
Event: 1.355 GC heap before
{Heap before GC invocations=2 (full 0):
 garbage-first heap   total 131072K, used 9355K [0x0000000081e00000, 0x0000000100000000)
  region size 1024K, 3 young (3072K), 2 survivors (2048K)
 Metaspace       used 19028K, capacity 19532K, committed 19584K, reserved 1073152K
  class space    used 2193K, capacity 2395K, committed 2432K, reserved 1048576K
}
Event: 1.357 GC heap after
{Heap after GC invocations=3 (full 0):
 garbage-first heap   total 131072K, used 9356K [0x0000000081e00000, 0x0000000100000000)
  region size 1024K, 2 young (2048K), 2 survivors (2048K)
 Metaspace       used 19028K, capacity 19532K, committed 19584K, reserved 1073152K
  class space    used 2193K, capacity 2395K, committed 2432K, reserved 1048576K
}
Event: 1.482 GC heap before
{Heap before GC invocations=4 (full 0):
 garbage-first heap   total 131072K, used 24716K [0x0000000081e00000, 0x0000000100000000)
  region size 1024K, 18 young (18432K), 2 survivors (2048K)
 Metaspace       used 21306K, capacity 21884K, committed 22016K, reserved 1079296K
  class space    used 2569K, capacity 2816K, committed 2816K, reserved 1048576K
}
Event: 1.486 GC heap after
{Heap after GC invocations=5 (full 0):
 garbage-first heap   total 131072K, used 10024K [0x0000000081e00000, 0x0000000100000000)
  region size 1024K, 2 young (2048K), 2 survivors (2048K)
 Metaspace       used 21306K, capacity 21884K, committed 22016K, reserved 1079296K
  class space    used 2569K, capacity 2816K, committed 2816K, reserved 1048576K
}

Deoptimization events (0 events):
No events

Classes redefined (0 events):
No events

Internal exceptions (20 events):
Event: 1.437 Thread 0x000002aafd148000 Exception <a 'java/io/IOException'{0x0000000089464a98}> (0x0000000089464a98) thrown at [c:/BuildAgent/work/5ff2f6c26000d570/src/hotspot/share/prims/jni.cpp, line 615]
Event: 1.437 Thread 0x000002aafd148000 Exception <a 'java/io/IOException'{0x0000000089465330}> (0x0000000089465330) thrown at [c:/BuildAgent/work/5ff2f6c26000d570/src/hotspot/share/prims/jni.cpp, line 615]
Event: 1.437 Thread 0x000002aafd148000 Exception <a 'java/io/IOException'{0x00000000894656d0}> (0x00000000894656d0) thrown at [c:/BuildAgent/work/5ff2f6c26000d570/src/hotspot/share/prims/jni.cpp, line 615]
Event: 1.437 Thread 0x000002aafd148000 Exception <a 'java/io/IOException'{0x0000000089465a40}> (0x0000000089465a40) thrown at [c:/BuildAgent/work/5ff2f6c26000d570/src/hotspot/share/prims/jni.cpp, line 615]
Event: 1.437 Thread 0x000002aafd148000 Exception <a 'java/io/IOException'{0x0000000089466440}> (0x0000000089466440) thrown at [c:/BuildAgent/work/5ff2f6c26000d570/src/hotspot/share/prims/jni.cpp, line 615]
Event: 1.437 Thread 0x000002aafd148000 Exception <a 'java/io/IOException'{0x00000000894667e0}> (0x00000000894667e0) thrown at [c:/BuildAgent/work/5ff2f6c26000d570/src/hotspot/share/prims/jni.cpp, line 615]
Event: 1.437 Thread 0x000002aafd148000 Exception <a 'java/io/IOException'{0x0000000089466b50}> (0x0000000089466b50) thrown at [c:/BuildAgent/work/5ff2f6c26000d570/src/hotspot/share/prims/jni.cpp, line 615]
Event: 1.437 Thread 0x000002aafd148000 Exception <a 'java/io/IOException'{0x00000000894673b0}> (0x00000000894673b0) thrown at [c:/BuildAgent/work/5ff2f6c26000d570/src/hotspot/share/prims/jni.cpp, line 615]
Event: 1.437 Thread 0x000002aafd148000 Exception <a 'java/io/IOException'{0x0000000089467750}> (0x0000000089467750) thrown at [c:/BuildAgent/work/5ff2f6c26000d570/src/hotspot/share/prims/jni.cpp, line 615]
Event: 1.437 Thread 0x000002aafd148000 Exception <a 'java/io/IOException'{0x0000000089467ac0}> (0x0000000089467ac0) thrown at [c:/BuildAgent/work/5ff2f6c26000d570/src/hotspot/share/prims/jni.cpp, line 615]
Event: 1.437 Thread 0x000002aafd148000 Exception <a 'java/io/IOException'{0x00000000894682f8}> (0x00000000894682f8) thrown at [c:/BuildAgent/work/5ff2f6c26000d570/src/hotspot/share/prims/jni.cpp, line 615]
Event: 1.437 Thread 0x000002aafd148000 Exception <a 'java/io/IOException'{0x0000000089468698}> (0x0000000089468698) thrown at [c:/BuildAgent/work/5ff2f6c26000d570/src/hotspot/share/prims/jni.cpp, line 615]
Event: 1.437 Thread 0x000002aafd148000 Exception <a 'java/io/IOException'{0x0000000089468a08}> (0x0000000089468a08) thrown at [c:/BuildAgent/work/5ff2f6c26000d570/src/hotspot/share/prims/jni.cpp, line 615]
Event: 1.437 Thread 0x000002aafd148000 Exception <a 'java/io/IOException'{0x0000000089469140}> (0x0000000089469140) thrown at [c:/BuildAgent/work/5ff2f6c26000d570/src/hotspot/share/prims/jni.cpp, line 615]
Event: 1.437 Thread 0x000002aafd148000 Exception <a 'java/io/IOException'{0x00000000894694e0}> (0x00000000894694e0) thrown at [c:/BuildAgent/work/5ff2f6c26000d570/src/hotspot/share/prims/jni.cpp, line 615]
Event: 1.437 Thread 0x000002aafd148000 Exception <a 'java/io/IOException'{0x0000000089469850}> (0x0000000089469850) thrown at [c:/BuildAgent/work/5ff2f6c26000d570/src/hotspot/share/prims/jni.cpp, line 615]
Event: 1.448 Thread 0x000002aaf0818000 Exception <a 'java/lang/OutOfMemoryError'{0x00000000891ac020}> (0x00000000891ac020) thrown at [c:/BuildAgent/work/5ff2f6c26000d570/src/hotspot/share/prims/jni.cpp, line 636]
Event: 1.452 Thread 0x000002aafd145800 Exception <a 'java/lang/OutOfMemoryError'{0x0000000089047150}> (0x0000000089047150) thrown at [c:/BuildAgent/work/5ff2f6c26000d570/src/hotspot/share/prims/jni.cpp, line 636]
Event: 1.466 Thread 0x000002aafd145800 Exception <a 'java/lang/OutOfMemoryError'{0x0000000088fd3d58}> (0x0000000088fd3d58) thrown at [c:/BuildAgent/work/5ff2f6c26000d570/src/hotspot/share/prims/jni.cpp, line 636]
Event: 1.475 Thread 0x000002aafd145800 Exception <a 'java/lang/OutOfMemoryError'{0x0000000088d80128}> (0x0000000088d80128) thrown at [c:/BuildAgent/work/5ff2f6c26000d570/src/hotspot/share/prims/jni.cpp, line 636]

Events (20 events):
Event: 1.480 Executing VM operation: RevokeBias done
Event: 1.480 loading class org/springframework/core/log/LogDelegateFactory
Event: 1.480 loading class org/springframework/core/log/LogDelegateFactory done
Event: 1.480 loading class org/springframework/core/log/CompositeLog
Event: 1.480 loading class org/springframework/core/log/CompositeLog done
Event: 1.480 loading class java/lang/annotation/Repeatable
Event: 1.480 loading class java/lang/annotation/Repeatable done
Event: 1.481 loading class org/apache/commons/logging/impl/NoOpLog
Event: 1.481 loading class org/apache/commons/logging/impl/NoOpLog done
Event: 1.481 loading class org/springframework/context/annotation/FilterType
Event: 1.481 loading class org/springframework/context/annotation/FilterType done
Event: 1.481 Executing VM operation: RevokeBias
Event: 1.481 Executing VM operation: RevokeBias done
Event: 1.481 loading class org/apache/commons/logging/Log
Event: 1.481 loading class org/apache/commons/logging/Log done
Event: 1.481 loading class org/springframework/boot/context/TypeExcludeFilter
Event: 1.481 loading class org/springframework/boot/context/TypeExcludeFilter done
Event: 1.482 loading class org/springframework/boot/autoconfigure/AutoConfigurationExcludeFilter
Event: 1.482 loading class org/springframework/boot/autoconfigure/AutoConfigurationExcludeFilter done
Event: 1.482 Executing VM operation: CollectForMetadataAllocation


Dynamic libraries:
0x00007ff763f10000 - 0x00007ff763f1a000 	D:\IntelliJ IDEA 2019.3.3\jbr\bin\java.exe
0x00007ffb15ec0000 - 0x00007ffb160b0000 	C:\WINDOWS\SYSTEM32\ntdll.dll
0x00007ffb14510000 - 0x00007ffb145c2000 	C:\WINDOWS\System32\KERNEL32.DLL
0x00007ffb13650000 - 0x00007ffb138f4000 	C:\WINDOWS\System32\KERNELBASE.dll
0x00007ffb13930000 - 0x00007ffb13a2a000 	C:\WINDOWS\System32\ucrtbase.dll
0x00007ffb07220000 - 0x00007ffb07239000 	D:\IntelliJ IDEA 2019.3.3\jbr\bin\jli.dll
0x00007ffb07240000 - 0x00007ffb07257000 	D:\IntelliJ IDEA 2019.3.3\jbr\bin\VCRUNTIME140.dll
0x00007ffb15190000 - 0x00007ffb15324000 	C:\WINDOWS\System32\USER32.dll
0x00007ffb13900000 - 0x00007ffb13921000 	C:\WINDOWS\System32\win32u.dll
0x00007ffb15330000 - 0x00007ffb15356000 	C:\WINDOWS\System32\GDI32.dll
0x00007ffb13c00000 - 0x00007ffb13d96000 	C:\WINDOWS\System32\gdi32full.dll
0x00007ffb13ed0000 - 0x00007ffb13f6e000 	C:\WINDOWS\System32\msvcp_win.dll
0x00007ffb06a00000 - 0x00007ffb06c84000 	C:\WINDOWS\WinSxS\amd64_microsoft.windows.common-controls_6595b64144ccf1df_6.0.18362.959_none_e6c7bbbf130c62bb\COMCTL32.dll
0x00007ffb14c80000 - 0x00007ffb14d1e000 	C:\WINDOWS\System32\msvcrt.dll
0x00007ffb15ac0000 - 0x00007ffb15df5000 	C:\WINDOWS\System32\combase.dll
0x00007ffb14b60000 - 0x00007ffb14c80000 	C:\WINDOWS\System32\RPCRT4.dll
0x00007ffb13e50000 - 0x00007ffb13ed0000 	C:\WINDOWS\System32\bcryptPrimitives.dll
0x00007ffb14a60000 - 0x00007ffb14a8e000 	C:\WINDOWS\System32\IMM32.DLL
0x00007ffae5660000 - 0x00007ffae56fd000 	D:\IntelliJ IDEA 2019.3.3\jbr\bin\msvcp140.dll
0x00007ffac1ce0000 - 0x00007ffac279d000 	D:\IntelliJ IDEA 2019.3.3\jbr\bin\server\jvm.dll
0x00007ffb14010000 - 0x00007ffb140b3000 	C:\WINDOWS\System32\ADVAPI32.dll
0x00007ffb13f70000 - 0x00007ffb14007000 	C:\WINDOWS\System32\sechost.dll
0x00007ffb140c0000 - 0x00007ffb140c8000 	C:\WINDOWS\System32\PSAPI.DLL
0x00007ffb0d700000 - 0x00007ffb0d70a000 	C:\WINDOWS\SYSTEM32\VERSION.dll
0x00007ffb10200000 - 0x00007ffb10224000 	C:\WINDOWS\SYSTEM32\WINMM.dll
0x00007ffb09880000 - 0x00007ffb09889000 	C:\WINDOWS\SYSTEM32\WSOCK32.dll
0x00007ffb14a90000 - 0x00007ffb14aff000 	C:\WINDOWS\System32\WS2_32.dll
0x00007ffb101a0000 - 0x00007ffb101cd000 	C:\WINDOWS\SYSTEM32\winmmbase.dll
0x00007ffb135d0000 - 0x00007ffb1361a000 	C:\WINDOWS\System32\cfgmgr32.dll
0x00007ffb12d80000 - 0x00007ffb12d91000 	C:\WINDOWS\System32\kernel.appcore.dll
0x00007ffb09860000 - 0x00007ffb09871000 	D:\IntelliJ IDEA 2019.3.3\jbr\bin\verify.dll
0x00007ffb116a0000 - 0x00007ffb11894000 	C:\WINDOWS\SYSTEM32\DBGHELP.DLL
0x00007ffb06ce0000 - 0x00007ffb06d0a000 	C:\WINDOWS\SYSTEM32\dbgcore.DLL
0x00007ffb07610000 - 0x00007ffb07639000 	D:\IntelliJ IDEA 2019.3.3\jbr\bin\java.dll
0x00007ffb098c0000 - 0x00007ffb098cf000 	D:\IntelliJ IDEA 2019.3.3\jbr\bin\instrument.dll
0x00007ffb09840000 - 0x00007ffb09858000 	D:\IntelliJ IDEA 2019.3.3\jbr\bin\zip.dll
0x00007ffb0e580000 - 0x00007ffb0e58b000 	D:\IntelliJ IDEA 2019.3.3\jbr\bin\jimage.dll
0x00007ffb153d0000 - 0x00007ffb15ab6000 	C:\WINDOWS\System32\SHELL32.dll
0x00007ffb14290000 - 0x00007ffb14339000 	C:\WINDOWS\System32\shcore.dll
0x00007ffb12e40000 - 0x00007ffb135c2000 	C:\WINDOWS\System32\windows.storage.dll
0x00007ffb12df0000 - 0x00007ffb12e13000 	C:\WINDOWS\System32\profapi.dll
0x00007ffb12da0000 - 0x00007ffb12dea000 	C:\WINDOWS\System32\powrprof.dll
0x00007ffb12d70000 - 0x00007ffb12d80000 	C:\WINDOWS\System32\UMPDC.dll
0x00007ffb14b00000 - 0x00007ffb14b52000 	C:\WINDOWS\System32\shlwapi.dll
0x00007ffb13a90000 - 0x00007ffb13aa7000 	C:\WINDOWS\System32\cryptsp.dll
0x00007ffb07590000 - 0x00007ffb075aa000 	D:\IntelliJ IDEA 2019.3.3\jbr\bin\net.dll
0x00007ffb08ed0000 - 0x00007ffb08fc0000 	C:\WINDOWS\SYSTEM32\WINHTTP.dll
0x00007ffb12580000 - 0x00007ffb125e7000 	C:\WINDOWS\system32\mswsock.dll
0x00007ffb07570000 - 0x00007ffb07584000 	D:\IntelliJ IDEA 2019.3.3\jbr\bin\nio.dll
0x00007ffb098a0000 - 0x00007ffb098ba000 	D:\IntelliJ IDEA 2019.3.3\bin\breakgen64.dll
0x00007ffb122d0000 - 0x00007ffb1239b000 	C:\WINDOWS\SYSTEM32\DNSAPI.dll
0x00007ffb15360000 - 0x00007ffb15368000 	C:\WINDOWS\System32\NSI.dll
0x00007ffb12290000 - 0x00007ffb122ca000 	C:\WINDOWS\SYSTEM32\IPHLPAPI.DLL
0x00007ffb0b3a0000 - 0x00007ffb0b3aa000 	C:\Windows\System32\rasadhlp.dll
0x00007ffb0a650000 - 0x00007ffb0a6c7000 	C:\WINDOWS\System32\fwpuclnt.dll
0x00007ffb13620000 - 0x00007ffb13646000 	C:\WINDOWS\System32\bcrypt.dll
0x00007ffb07990000 - 0x00007ffb0799a000 	D:\IntelliJ IDEA 2019.3.3\jbr\bin\management.dll
0x00007ffb07930000 - 0x00007ffb0793c000 	D:\IntelliJ IDEA 2019.3.3\jbr\bin\management_ext.dll
0x00007ffb120f0000 - 0x00007ffb12123000 	C:\WINDOWS\system32\rsaenh.dll
0x00007ffb12c60000 - 0x00007ffb12c85000 	C:\WINDOWS\SYSTEM32\USERENV.dll
0x00007ffb12750000 - 0x00007ffb1275c000 	C:\WINDOWS\SYSTEM32\CRYPTBASE.dll
0x00007ffb0b3b0000 - 0x00007ffb0b3c6000 	C:\WINDOWS\SYSTEM32\dhcpcsvc6.DLL
0x00007ffb0ae80000 - 0x00007ffb0ae9c000 	C:\WINDOWS\SYSTEM32\dhcpcsvc.DLL
0x00007ffaf7240000 - 0x00007ffaf7256000 	C:\WINDOWS\system32\napinsp.dll
0x00007ffaf5b40000 - 0x00007ffaf5b5a000 	C:\WINDOWS\system32\pnrpnsp.dll
0x00007ffaf5b00000 - 0x00007ffaf5b0e000 	C:\WINDOWS\System32\winrnr.dll
0x00007ffb0ea70000 - 0x00007ffb0ea8c000 	C:\WINDOWS\system32\NLAapi.dll
0x00007ffaf5a60000 - 0x00007ffaf5a75000 	C:\WINDOWS\system32\wshbth.dll

dbghelp: loaded successfully - version: 4.0.5 - missing functions: none
symbol engine: initialized successfully - sym options: 0x614 - pdb path: .;D:\IntelliJ IDEA 2019.3.3\jbr\bin;C:\WINDOWS\SYSTEM32;C:\WINDOWS\WinSxS\amd64_microsoft.windows.common-controls_6595b64144ccf1df_6.0.18362.959_none_e6c7bbbf130c62bb;D:\IntelliJ IDEA 2019.3.3\jbr\bin\server;D:\IntelliJ IDEA 2019.3.3\bin

VM Arguments:
jvm_args: -XX:TieredStopAtLevel=1 -Xverify:none -Dspring.output.ansi.enabled=always -Dcom.sun.management.jmxremote -Dspring.jmx.enabled=true -Dspring.liveBeansView.mbeanDomain -Dspring.application.admin.enabled=true -javaagent:D:\IntelliJ IDEA 2019.3.3\lib\idea_rt.jar=52451:D:\IntelliJ IDEA 2019.3.3\bin -Dfile.encoding=UTF-8
java_command: gdoc.FreelancerApplication
java_class_path (initial): E:\backend\freelancer_backend\target\classes;C:\Users\13661\.m2\repository\org\springframework\data\spring-data-mongodb\2.2.5.RELEASE\spring-data-mongodb-2.2.5.RELEASE.jar;C:\Users\13661\.m2\repository\org\springframework\spring-tx\5.2.0.RELEASE\spring-tx-5.2.0.RELEASE.jar;C:\Users\13661\.m2\repository\org\springframework\spring-context\5.2.0.RELEASE\spring-context-5.2.0.RELEASE.jar;C:\Users\13661\.m2\repository\org\springframework\spring-aop\5.2.0.RELEASE\spring-aop-5.2.0.RELEASE.jar;C:\Users\13661\.m2\repository\org\springframework\spring-beans\5.2.0.RELEASE\spring-beans-5.2.0.RELEASE.jar;C:\Users\13661\.m2\repository\org\springframework\spring-core\5.2.0.RELEASE\spring-core-5.2.0.RELEASE.jar;C:\Users\13661\.m2\repository\org\springframework\spring-jcl\5.2.0.RELEASE\spring-jcl-5.2.0.RELEASE.jar;C:\Users\13661\.m2\repository\org\springframework\spring-expression\5.2.0.RELEASE\spring-expression-5.2.0.RELEASE.jar;C:\Users\13661\.m2\repository\org\springframework\data\spring-data-commons\2.2.0.RELEASE\spring-data-commons-2.2.0.RELEASE.jar;C:\Users\13661\.m2\repository\org\mongodb\mongo-java-driver\3.11.1\mongo-java-driver-3.11.1.jar;C:\Users\13661\.m2\repository\org\slf4j\slf4j-api\1.7.28\slf4j-api-1.7.28.jar;C:\Users\13661\.m2\repository\org\springframework\boot\spring-boot-starter-web\2.2.0.RELEASE\spring-boot-starter-web-2.2.0.RELEASE.jar;C:\Users\13661\.m2\repository\org\springframework\boot\spring-boot-starter\2.2.0.RELEASE\spring-boot-starter-2.2.0.RELEASE.jar;C:\Users\13661\.m2\repository\org\springframework\boot\spring-boot\2.2.0.RELEASE\spring-boot-2.2.0.RELEASE.jar;C:\Users\13661\.m2\repository\org\springframework\boot\spring-boot-autoconfigure\2.2.0.RELEASE\spring-boot-autoconfigure-2.2.0.RELEASE.jar;C:\Users\13661\.m2\repository\org\springframework\boot\spring-boot-starter-logging\2.2.0.RELEASE\spring-boot-starter-logging-2.2.0.RELEASE.jar;C:\Users\13661\.m2\repository\ch\qos\logback\logback-classic\1.2.3\logback-classic-1.2.3.
Launcher Type: SUN_STANDARD

[Global flags]
     bool BytecodeVerificationLocal                = false                                     {product} {command line}
     bool BytecodeVerificationRemote               = false                                     {product} {command line}
     intx CICompilerCount                          = 4                                         {product} {ergonomic}
     uint ConcGCThreads                            = 2                                         {product} {ergonomic}
     uint G1ConcRefinementThreads                  = 8                                         {product} {ergonomic}
   size_t G1HeapRegionSize                         = 1048576                                   {product} {ergonomic}
    uintx GCDrainStackTargetSize                   = 64                                        {product} {ergonomic}
   size_t InitialHeapSize                          = 134217728                                 {product} {ergonomic}
     bool ManagementServer                         = true                                      {product} {command line}
   size_t MarkStackSize                            = 4194304                                   {product} {ergonomic}
   size_t MaxHeapSize                              = 2116026368                                {product} {ergonomic}
   size_t MaxNewSize                               = 1268776960                                {product} {ergonomic}
   size_t MinHeapDeltaBytes                        = 1048576                                   {product} {ergonomic}
    uintx NonNMethodCodeHeapSize                   = 7549744                                {pd product} {ergonomic}
    uintx NonProfiledCodeHeapSize                  = 244108496                              {pd product} {ergonomic}
    uintx ProfiledCodeHeapSize                     = 0                                      {pd product} {ergonomic}
    uintx ReservedCodeCacheSize                    = 251658240                              {pd product} {ergonomic}
     bool SegmentedCodeCache                       = true                                      {product} {ergonomic}
     intx TieredStopAtLevel                        = 1                                         {product} {command line}
     bool UseCompressedClassPointers               = true                                 {lp64_product} {ergonomic}
     bool UseCompressedOops                        = true                                 {lp64_product} {ergonomic}
     bool UseG1GC                                  = true                                      {product} {ergonomic}
     bool UseLargePagesIndividualAllocation        = false                                  {pd product} {ergonomic}

Logging:
Log output configuration:
 #0: stdout all=warning uptime,level,tags
 #1: stderr all=off uptime,level,tags

Environment Variables:
JAVA_HOME=D:\Java\jdk1.8.0_91
CLASSPATH=.;D:\Java\jdk1.8.0_91\lib\dt.jar;D:\Java\jdk1.8.0_91\lib\tools.jar;
PATH=C:\ProgramData\Oracle\Java\javapath;D:\Python27\;D:\Python27\Scripts;C:\Program Files (x86)\Intel\Intel(R) Management Engine Components\iCLS\;C:\Program Files\Intel\Intel(R) Management Engine Components\iCLS\;C:\Windows\system32;C:\Windows;C:\Windows\System32\Wbem;C:\Windows\System32\WindowsPowerShell\v1.0\;C:\Program Files (x86)\Intel\Intel(R) Management Engine Components\DAL;C:\Program Files\Intel\Intel(R) Management Engine Components\DAL;C:\Program Files (x86)\Intel\Intel(R) Management Engine Components\IPT;C:\Program Files\Intel\Intel(R) Management Engine Components\IPT;C:\Program Files\Microsoft SQL Server\Client SDK\ODBC\110\Tools\Binn\;C:\Program Files (x86)\Microsoft SQL Server\120\Tools\Binn\;C:\Program Files\Microsoft SQL Server\120\Tools\Binn\;C:\Program Files\Microsoft SQL Server\120\DTS\Binn\;C:\Program Files (x86)\Windows Kits\8.1\Windows Performance Toolkit\;C:\WINDOWS\system32;C:\WINDOWS;C:\WINDOWS\System32\Wbem;C:\WINDOWS\System32\WindowsPowerShell\v1.0\;C:\WINDOWS\System32\OpenSSH\;C:\Program Files\NVIDIA Corporation\NVIDIA NvDLISR;D:\Java\jdk1.8.0_91\bin;D:\Java\jdk1.8.0_91\jre\bin;C:\ProgramData\chocolatey\bin;D:\mysql5.7.25\bin;seSVN\bin:D:\Java\jdk1.8.0_91;E:\BaiduNetdiskDownload\Web\apache-maven-3.6.3\bin;E:\Android\Sdk\platform-tools;E:\Android\Sdk\emulator;E:\Android\Sdk\tools;E:\Android\Sdk\tools\bin;D:\nodejs\;E:\Git\cmd;E:\flutter\flutter\bin;E:\flutter\flutter\bin\cache\dart-sdk\bin;C:\Users\13661\AppData\Local\Microsoft\WindowsApps;D:\Microsoft VS Code\bin;D:\IntelliJ IDEA 2019.3.3\bin;;D:\MinGW\bin;"D:\Java\jdk1.8.0_91\bin;";C:\Users\13661\AppData\Roaming\npm;
USERNAME=13661
OS=Windows_NT
PROCESSOR_IDENTIFIER=Intel64 Family 6 Model 158 Stepping 10, GenuineIntel



---------------  S Y S T E M  ---------------

OS: Windows 10 , 64 bit Build 18362 (10.0.18362.959)

CPU:total 8 (initial active 8) (4 cores per cpu, 2 threads per core) family 6 model 158 stepping 10, cmov, cx8, fxsr, mmx, sse, sse2, sse3, ssse3, sse4.1, sse4.2, popcnt, avx, avx2, aes, clmul, erms, 3dnowpref, lzcnt, ht, tsc, tscinvbit, bmi1, bmi2, adx, fma

Memory: 4k page, system-wide physical 8066M (732M free)
TotalPageFile size 15489M (AvailPageFile size 0M)
current process WorkingSet (physical memory assigned to process): 103M, peak: 103M
current process commit charge ("private bytes"): 231M, peak: 232M

vm_info: OpenJDK 64-Bit Server VM (11.0.6+8-b520.43) for windows-amd64 JRE (11.0.6+8-b520.43), built on Feb  3 2020 14:18:56 by "" with MS VC++ 14.0 (VS2015)

END.
